<?xml version="1.0" encoding="UTF-8"?>
<testsuite xmlns:xsi="http://www.w3.org/2001/XMLSchema-instance" xsi:noNamespaceSchemaLocation="https://maven.apache.org/surefire/maven-surefire-plugin/xsd/surefire-test-report-3.0.xsd" version="3.0" name="ReservationRepositoryTest" time="0.28" tests="2" errors="0" skipped="0" failures="0">
  <properties>
[...]
</properties>
  <testcase name="testReservationNotExists" classname="ReservationRepositoryTest" time="0.242">
    <system-err><![CDATA[Mar 07, 2026 1:33:09 AM com.mongodb.internal.diagnostics.logging.Loggers shouldUseSLF4J
WARNING: SLF4J not found on the classpath.  Logging is disabled for the 'org.mongodb.driver' component
]]></system-err>
  </testcase>
  <testcase name="testDeleteReservation" classname="ReservationRepositoryTest" time="0.017"/>
</testsuite>